<?xml version="1.0" encoding="UTF-8"?>
<!-- Generated by org.testng.reporters.JUnitXMLReporter -->
<testsuite ignored="0" hostname="LT106211" failures="0" tests="5" name="Default test" time="59.735" errors="0" timestamp="2021-07-04T22:29:50 IST">
  <testcase classname="test_runner.MethodCalling" name="login" time="2.837"/>
  <testcase classname="test_runner.MethodCalling" name="authentication" time="0.169"/>
  <testcase classname="test_runner.MethodCalling" name="registration" time="5.757"/>
  <testcase classname="test_runner.MethodCalling" name="clickOndresses" time="5.321"/>
  <testcase classname="test_runner.MethodCalling" name="conditions" time="27.656"/>
</testsuite> <!-- Default test -->
