<?xml version="1.0" encoding="UTF-8"?>
<testng-results ignored="0" total="5" passed="5" failed="0" skipped="0">
  <reporter-output>
  </reporter-output>
  <suite started-at="2021-07-05T02:07:11 IST" name="Suite" finished-at="2021-07-05T02:08:11 IST" duration-ms="59585">
    <groups>
    </groups>
    <test started-at="2021-07-05T02:07:11 IST" name="Test" finished-at="2021-07-05T02:08:11 IST" duration-ms="59585">
      <class name="test_runner.MethodCalling">
        <test-method is-config="true" signature="Initilization()[pri:0, instance:test_runner.MethodCalling@54422e18]" started-at="2021-07-05T02:07:11 IST" name="Initilization" finished-at="2021-07-05T02:07:22 IST" duration-ms="10857" status="PASS">
          <reporter-output>
          </reporter-output>
        </test-method> <!-- Initilization -->
        <test-method signature="login()[pri:0, instance:test_runner.MethodCalling@54422e18]" started-at="2021-07-05T02:07:22 IST" name="login" finished-at="2021-07-05T02:07:26 IST" duration-ms="3441" status="PASS">
          <reporter-output>
          </reporter-output>
        </test-method> <!-- login -->
        <test-method signature="authentication()[pri:1, instance:test_runner.MethodCalling@54422e18]" started-at="2021-07-05T02:07:26 IST" name="authentication" finished-at="2021-07-05T02:07:26 IST" duration-ms="241" status="PASS">
          <reporter-output>
          </reporter-output>
        </test-method> <!-- authentication -->
        <test-method signature="registration()[pri:2, instance:test_runner.MethodCalling@54422e18]" started-at="2021-07-05T02:07:26 IST" name="registration" finished-at="2021-07-05T02:07:37 IST" duration-ms="10762" status="PASS">
          <reporter-output>
          </reporter-output>
        </test-method> <!-- registration -->
        <test-method signature="conditions()[pri:3, instance:test_runner.MethodCalling@54422e18]" started-at="2021-07-05T02:07:37 IST" name="conditions" finished-at="2021-07-05T02:08:01 IST" duration-ms="24074" status="PASS">
          <reporter-output>
          </reporter-output>
        </test-method> <!-- conditions -->
        <test-method signature="purchaseProcess()[pri:4, instance:test_runner.MethodCalling@54422e18]" started-at="2021-07-05T02:08:01 IST" name="purchaseProcess" finished-at="2021-07-05T02:08:11 IST" duration-ms="9733" status="PASS">
          <reporter-output>
          </reporter-output>
        </test-method> <!-- purchaseProcess -->
        <test-method is-config="true" signature="tearDown()[pri:0, instance:test_runner.MethodCalling@54422e18]" started-at="2021-07-05T02:08:11 IST" name="tearDown" finished-at="2021-07-05T02:08:11 IST" duration-ms="391" status="PASS">
          <reporter-output>
          </reporter-output>
        </test-method> <!-- tearDown -->
      </class> <!-- test_runner.MethodCalling -->
    </test> <!-- Test -->
  </suite> <!-- Suite -->
</testng-results>
