<?xml version="1.0" encoding="UTF-8"?>
<!-- Generated by org.testng.reporters.JUnitXMLReporter -->
<testsuite ignored="2" hostname="LT106211" failures="1" tests="5" name="Test" time="70.073" errors="0" timestamp="2021-07-04T01:22:08 IST">
  <testcase classname="testcases.MethodCalling" name="login" time="4.02"/>
  <testcase classname="testcases.MethodCalling" name="authentication" time="0.258"/>
  <testcase classname="testcases.MethodCalling" name="registration" time="10.092"/>
  <testcase classname="testcases.MethodCalling" name="clickOndresses" time="3.932"/>
  <testcase classname="testcases.MethodCalling" name="conditions" time="5.562">
    <failure type="java.lang.ArrayIndexOutOfBoundsException" message="Index 0 out of bounds for length 0">
      <![CDATA[java.lang.ArrayIndexOutOfBoundsException: Index 0 out of bounds for length 0
at testcases.Logic.verifyConditions(Logic.java:107)
at testcases.MethodCalling.conditions(MethodCalling.java:96)
at java.base/java.util.ArrayList.forEach(ArrayList.java:1511)
... Removed 27 stack frames]]>
    </failure>
  </testcase> <!-- conditions -->
  <testcase classname="testcases.Hooks" name="@BeforeTest Initilization" time="0.0">
    <ignored/>
  </testcase> <!-- @BeforeTest Initilization -->
  <testcase classname="testcases.Hooks" name="@AfterTest tearDown" time="0.0">
    <ignored/>
  </testcase> <!-- @AfterTest tearDown -->
</testsuite> <!-- Test -->
